Arguments: 
  C:\Program Files\nodejs\node.exe C:\Users\Cullen\.node\corepack\yarn\1.22.15\bin\yarn.js add -D @typescript ts-node @types/node

PATH: 
  C:\Program Files\Common Files\Oracle\Java\javapath;C:\Program Files (x86)\Common Files\Oracle\Java\javapath;C:\Users\Cullen\AppData\Local\Programs\Python\Python310\Scripts\;C:\Users\Cullen\AppData\Local\Programs\Python\Python310\;C:\Python310\Scripts\;C:\Python310\;C:\WINDOWS\system32;C:\WINDOWS;C:\WINDOWS\System32\Wbem;C:\WINDOWS\System32\WindowsPowerShell\v1.0\;C:\WINDOWS\System32\OpenSSH\;C:\Program Files\Git\cmd;C:\ProgramData\chocolatey\bin;C:\Program Files\PuTTY\;C:\Program Files\TortoiseSVN\bin;C:\Program Files\nodejs\;C:\Users\Cullen\anaconda3\Library\bin\conda.bat;C:\Users\Cullen\anaconda3\Scripts\conda.exe;C:\Users\Cullen\anaconda3\condabin\conda.bat;C:\Users\Cullen\anaconda3\Library\bin;C:\Program Files\JetBrains\PyCharm Community Edition 2021.3\bin;C:\Users\Cullen\AppData\Local\Microsoft\WindowsApps;C:\Users\Cullen\AppData\Local\Programs\Microsoft VS Code\bin;C:\Users\Cullen\AppData\Local\Programs\mongosh\;C:\Users\Cullen\AppData\Roaming\npm;C:\Users\Cullen\anaconda3\condabin\conda.bat;C:\Users\Cullen\anaconda3\Scripts\conda.exe;C:\Users\Cullen\anaconda3\Library\bin\conda.bat;

Yarn version: 
  1.22.15

Node version: 
  16.16.0

Platform: 
  win32 x64

Trace: 
  Error: https://registry.yarnpkg.com/@typescript: Request "https://registry.yarnpkg.com/@typescript" returned a 405
      at Request.params.callback [as _callback] (C:\Users\Cullen\.node\corepack\yarn\1.22.15\lib\cli.js:66149:18)
      at Request.self.callback (C:\Users\Cullen\.node\corepack\yarn\1.22.15\lib\cli.js:140885:22)
      at Request.emit (node:events:527:28)
      at Request.<anonymous> (C:\Users\Cullen\.node\corepack\yarn\1.22.15\lib\cli.js:141857:10)
      at Request.emit (node:events:527:28)
      at IncomingMessage.<anonymous> (C:\Users\Cullen\.node\corepack\yarn\1.22.15\lib\cli.js:141779:12)
      at Object.onceWrapper (node:events:641:28)
      at IncomingMessage.emit (node:events:539:35)
      at endReadableNT (node:internal/streams/readable:1345:12)
      at processTicksAndRejections (node:internal/process/task_queues:83:21)

npm manifest: 
  {
    "name": "pset1",
    "version": "1.0.0",
    "description": "",
    "main": "index.js",
    "scripts": {
      "test": "echo \"Error: no test specified\" && exit 1"
    },
    "repository": {
      "type": "git",
      "url": "git+https://github.com/anmelus/EE374.git"
    },
    "author": "",
    "license": "ISC",
    "bugs": {
      "url": "https://github.com/anmelus/EE374/issues"
    },
    "homepage": "https://github.com/anmelus/EE374#readme"
  }

yarn manifest: 
  No manifest

Lockfile: 
  No lockfile
